2022.05.17 06:26:53 INFO  tracing is disabled for protocol LSP, to enable tracing of incoming and outgoing JSON messages create an empty file at /run/media/qq/qq2/Dev/scala/scala-at-light-speed/.metals/lsp.trace.json or /home/qq/.cache/metals/lsp.trace.json
2022.05.17 06:26:53 INFO  logging to file /run/media/qq/qq2/Dev/scala/scala-at-light-speed/.metals/metals.log
2022.05.17 06:26:53 INFO  Started: Metals version 0.11.5 in workspace '/run/media/qq/qq2/Dev/scala/scala-at-light-speed' for client Visual Studio Code 1.67.1.
2022.05.17 06:26:55 INFO  time: initialize in 2.14s
2022.05.17 06:26:55 WARN  Flyway upgrade recommended: H2 2.1.212 is newer than this version of Flyway and support has not been tested. The latest supported version of H2 is 2.1.210.
2022.05.17 06:26:55 WARN  Build server is not auto-connectable.
2022.05.17 06:26:59 INFO  running '/usr/lib/jvm/java-11-openjdk/bin/java -Djline.terminal=jline.UnsupportedTerminal -Dsbt.log.noformat=true -Dfile.encoding=UTF-8 -jar /tmp/metals16894552681576234922/sbt-launch.jar -Dbloop.export-jar-classifiers=sources bloopInstall'
2022.05.17 06:27:00 WARN  no build target for: /run/media/qq/qq2/Dev/scala/scala-at-light-speed/project/metals.sbt
2022.05.17 06:27:00 WARN  no build target for: /run/media/qq/qq2/Dev/scala/scala-at-light-speed/project/project/metals.sbt
2022.05.17 06:27:00 INFO  skipping build import with status 'Started'
2022.05.17 06:27:00 ERROR [info] [launcher] getting org.scala-sbt sbt 1.3.4  (this may take some time)...
2022.05.17 06:27:03 INFO  no build target found for /run/media/qq/qq2/Dev/scala/scala-at-light-speed/project/metals.sbt. Using presentation compiler with project's scala-library version: 3.1.2
2022.05.17 06:27:09 WARN  no build target for: /run/media/qq/qq2/Dev/scala/scala-at-light-speed/src/main/scala/com/rockthejvm/Playground.scala
2022.05.17 06:27:36 ERROR downloading https://repo1.maven.org/maven2/org/scala-sbt/sbt/1.3.4/sbt-1.3.4.jar ...
2022.05.17 06:27:36 ERROR downloading https://repo1.maven.org/maven2/org/scala-lang/scala-library/2.12.10/scala-library-2.12.10.jar ...
2022.05.17 06:27:36 ERROR downloading https://repo1.maven.org/maven2/org/scala-sbt/io_2.12/1.3.1/io_2.12-1.3.1.jar ...
2022.05.17 06:27:36 ERROR downloading https://repo1.maven.org/maven2/org/scala-sbt/logic_2.12/1.3.4/logic_2.12-1.3.4.jar ...
2022.05.17 06:27:36 ERROR downloading https://repo1.maven.org/maven2/org/scala-sbt/run_2.12/1.3.4/run_2.12-1.3.4.jar ...
2022.05.17 06:27:36 ERROR downloading https://repo1.maven.org/maven2/org/scala-sbt/main-settings_2.12/1.3.4/main-settings_2.12-1.3.4.jar ...
2022.05.17 06:27:36 ERROR downloading https://repo1.maven.org/maven2/org/scala-sbt/main_2.12/1.3.4/main_2.12-1.3.4.jar ...
2022.05.17 06:27:36 ERROR downloading https://repo1.maven.org/maven2/org/scala-sbt/actions_2.12/1.3.4/actions_2.12-1.3.4.jar ...
2022.05.17 06:27:36 ERROR :: loading settings :: url = jar:file:/tmp/metals16894552681576234922/sbt-launch.jar!/org/apache/ivy/core/settings/ivysettings.xml
2022.05.17 06:27:36 ERROR :: loading settings :: url = jar:file:/tmp/metals16894552681576234922/sbt-launch.jar!/org/apache/ivy/core/settings/ivysettings.xml
2022.05.17 06:27:36 ERROR :: loading settings :: url = jar:file:/tmp/metals16894552681576234922/sbt-launch.jar!/org/apache/ivy/core/settings/ivysettings.xml
2022.05.17 06:27:36 ERROR :: loading settings :: url = jar:file:/tmp/metals16894552681576234922/sbt-launch.jar!/org/apache/ivy/core/settings/ivysettings.xml
2022.05.17 06:27:36 ERROR :: loading settings :: url = jar:file:/tmp/metals16894552681576234922/sbt-launch.jar!/org/apache/ivy/core/settings/ivysettings.xml
2022.05.17 06:27:36 ERROR :: loading settings :: url = jar:file:/tmp/metals16894552681576234922/sbt-launch.jar!/org/apache/ivy/core/settings/ivysettings.xml
2022.05.17 06:27:36 ERROR :: loading settings :: url = jar:file:/tmp/metals16894552681576234922/sbt-launch.jar!/org/apache/ivy/core/settings/ivysettings.xml
2022.05.17 06:27:36 ERROR :: loading settings :: url = jar:file:/tmp/metals16894552681576234922/sbt-launch.jar!/org/apache/ivy/core/settings/ivysettings.xml
2022.05.17 06:27:36 ERROR 	[SUCCESSFUL ] org.scala-sbt#run_2.12;1.3.4!run_2.12.jar (146ms)
2022.05.17 06:27:36 ERROR downloading https://repo1.maven.org/maven2/org/scala-sbt/command_2.12/1.3.4/command_2.12-1.3.4.jar ...
2022.05.17 06:27:36 ERROR 	[SUCCESSFUL ] org.scala-sbt#command_2.12;1.3.4!command_2.12.jar (256ms)
2022.05.17 06:27:36 ERROR downloading https://repo1.maven.org/maven2/org/scala-sbt/collections_2.12/1.3.4/collections_2.12-1.3.4.jar ...
2022.05.17 06:27:36 ERROR 	[SUCCESSFUL ] org.scala-sbt#sbt;1.3.4!sbt.jar (558ms)
2022.05.17 06:27:36 ERROR 	[SUCCESSFUL ] org.scala-sbt#logic_2.12;1.3.4!logic_2.12.jar (555ms)
2022.05.17 06:27:36 ERROR downloading https://repo1.maven.org/maven2/org/scala-sbt/scripted-sbt-redux_2.12/1.3.4/scripted-sbt-redux_2.12-1.3.4.jar ...
2022.05.17 06:27:36 ERROR downloading https://repo1.maven.org/maven2/org/scala-sbt/scripted-plugin_2.12/1.3.4/scripted-plugin_2.12-1.3.4.jar ...
2022.05.17 06:27:36 ERROR 	[SUCCESSFUL ] org.scala-sbt#actions_2.12;1.3.4!actions_2.12.jar (580ms)
2022.05.17 06:27:36 ERROR downloading https://repo1.maven.org/maven2/org/scala-sbt/zinc-lm-integration_2.12/1.3.4/zinc-lm-integration_2.12-1.3.4.jar ...
2022.05.17 06:27:36 ERROR 	[SUCCESSFUL ] org.scala-sbt#collections_2.12;1.3.4!collections_2.12.jar (197ms)
2022.05.17 06:27:36 ERROR downloading https://repo1.maven.org/maven2/org/scala-lang/modules/scala-xml_2.12/1.2.0/scala-xml_2.12-1.2.0.jar ...
2022.05.17 06:27:36 ERROR 	[SUCCESSFUL ] org.scala-sbt#scripted-plugin_2.12;1.3.4!scripted-plugin_2.12.jar (96ms)
2022.05.17 06:27:36 ERROR downloading https://repo1.maven.org/maven2/org/scala-sbt/launcher-interface/1.1.3/launcher-interface-1.1.3.jar ...
2022.05.17 06:27:36 ERROR 	[SUCCESSFUL ] org.scala-sbt#scripted-sbt-redux_2.12;1.3.4!scripted-sbt-redux_2.12.jar (118ms)
2022.05.17 06:27:36 ERROR downloading https://repo1.maven.org/maven2/org/apache/logging/log4j/log4j-api/2.11.2/log4j-api-2.11.2.jar ...
2022.05.17 06:27:36 ERROR 	[SUCCESSFUL ] org.scala-sbt#io_2.12;1.3.1!io_2.12.jar (678ms)
2022.05.17 06:27:36 ERROR downloading https://repo1.maven.org/maven2/org/apache/logging/log4j/log4j-core/2.11.2/log4j-core-2.11.2.jar ...
2022.05.17 06:27:36 ERROR 	[SUCCESSFUL ] org.scala-sbt#main-settings_2.12;1.3.4!main-settings_2.12.jar (695ms)
2022.05.17 06:27:36 ERROR downloading https://repo1.maven.org/maven2/org/apache/logging/log4j/log4j-slf4j-impl/2.11.2/log4j-slf4j-impl-2.11.2.jar ...
2022.05.17 06:27:36 ERROR 	[SUCCESSFUL ] org.scala-sbt#zinc-lm-integration_2.12;1.3.4!zinc-lm-integration_2.12.jar (137ms)
2022.05.17 06:27:36 ERROR downloading https://repo1.maven.org/maven2/com/github/cb372/scalacache-caffeine_2.12/0.20.0/scalacache-caffeine_2.12-0.20.0.jar ...
2022.05.17 06:27:36 ERROR 	[SUCCESSFUL ] org.scala-sbt#launcher-interface;1.1.3!launcher-interface.jar (101ms)
2022.05.17 06:27:36 ERROR downloading https://repo1.maven.org/maven2/io/get-coursier/lm-coursier-shaded_2.12/2.0.0-RC5-2/lm-coursier-shaded_2.12-2.0.0-RC5-2.jar ...
2022.05.17 06:27:36 ERROR 	[SUCCESSFUL ] org.apache.logging.log4j#log4j-slf4j-impl;2.11.2!log4j-slf4j-impl.jar (113ms)
2022.05.17 06:27:36 ERROR downloading https://repo1.maven.org/maven2/org/scala-sbt/util-logging_2.12/1.3.2/util-logging_2.12-1.3.2.jar ...
2022.05.17 06:27:36 ERROR 	[SUCCESSFUL ] org.apache.logging.log4j#log4j-api;2.11.2!log4j-api.jar (146ms)
2022.05.17 06:27:36 ERROR downloading https://repo1.maven.org/maven2/org/scala-sbt/librarymanagement-core_2.12/1.3.0/librarymanagement-core_2.12-1.3.0.jar ...
2022.05.17 06:27:36 ERROR 	[SUCCESSFUL ] com.github.cb372#scalacache-caffeine_2.12;0.20.0!scalacache-caffeine_2.12.jar (134ms)
2022.05.17 06:27:36 ERROR downloading https://repo1.maven.org/maven2/org/scala-sbt/librarymanagement-ivy_2.12/1.3.0/librarymanagement-ivy_2.12-1.3.0.jar ...
2022.05.17 06:27:36 ERROR 	[SUCCESSFUL ] org.scala-lang.modules#scala-xml_2.12;1.2.0!scala-xml_2.12.jar(bundle) (268ms)
2022.05.17 06:27:36 ERROR downloading https://repo1.maven.org/maven2/org/scala-sbt/compiler-interface/1.3.1/compiler-interface-1.3.1.jar ...
2022.05.17 06:27:36 ERROR 	[SUCCESSFUL ] org.scala-lang#scala-library;2.12.10!scala-library.jar (884ms)
2022.05.17 06:27:36 ERROR downloading https://repo1.maven.org/maven2/org/scala-sbt/zinc-compile_2.12/1.3.1/zinc-compile_2.12-1.3.1.jar ...
2022.05.17 06:27:36 ERROR 	[SUCCESSFUL ] org.scala-sbt#util-logging_2.12;1.3.2!util-logging_2.12.jar (170ms)
2022.05.17 06:27:36 ERROR downloading https://repo1.maven.org/maven2/org/scala-sbt/util-relation_2.12/1.3.2/util-relation_2.12-1.3.2.jar ...
2022.05.17 06:27:37 ERROR 	[SUCCESSFUL ] org.scala-sbt#compiler-interface;1.3.1!compiler-interface.jar (134ms)
2022.05.17 06:27:37 ERROR downloading https://repo1.maven.org/maven2/com/eed3si9n/sjson-new-scalajson_2.12/0.8.2/sjson-new-scalajson_2.12-0.8.2.jar ...
2022.05.17 06:27:37 ERROR 	[SUCCESSFUL ] org.scala-sbt#zinc-compile_2.12;1.3.1!zinc-compile_2.12.jar (147ms)
2022.05.17 06:27:37 ERROR downloading https://repo1.maven.org/maven2/org/scala-sbt/util-position_2.12/1.3.2/util-position_2.12-1.3.2.jar ...
2022.05.17 06:27:37 ERROR 	[SUCCESSFUL ] org.scala-sbt#main_2.12;1.3.4!main_2.12.jar (1098ms)
2022.05.17 06:27:37 ERROR downloading https://repo1.maven.org/maven2/com/eed3si9n/shaded-scalajson_2.12/1.0.0-M4/shaded-scalajson_2.12-1.0.0-M4.jar ...
2022.05.17 06:27:37 ERROR 	[SUCCESSFUL ] org.scala-sbt#librarymanagement-core_2.12;1.3.0!librarymanagement-core_2.12.jar (282ms)
2022.05.17 06:27:37 ERROR downloading https://repo1.maven.org/maven2/org/spire-math/jawn-parser_2.12/0.10.4/jawn-parser_2.12-0.10.4.jar ...
2022.05.17 06:27:37 ERROR 	[SUCCESSFUL ] org.scala-sbt#util-relation_2.12;1.3.2!util-relation_2.12.jar (124ms)
2022.05.17 06:27:37 ERROR downloading https://repo1.maven.org/maven2/org/scala-sbt/completion_2.12/1.3.4/completion_2.12-1.3.4.jar ...
2022.05.17 06:27:37 ERROR 	[SUCCESSFUL ] org.scala-sbt#util-position_2.12;1.3.2!util-position_2.12.jar (87ms)
2022.05.17 06:27:37 ERROR downloading https://repo1.maven.org/maven2/org/scala-sbt/task-system_2.12/1.3.4/task-system_2.12-1.3.4.jar ...
2022.05.17 06:27:37 ERROR 	[SUCCESSFUL ] com.eed3si9n#sjson-new-scalajson_2.12;0.8.2!sjson-new-scalajson_2.12.jar (117ms)
2022.05.17 06:27:37 ERROR downloading https://repo1.maven.org/maven2/org/scala-sbt/tasks_2.12/1.3.4/tasks_2.12-1.3.4.jar ...
2022.05.17 06:27:37 ERROR 	[SUCCESSFUL ] org.apache.logging.log4j#log4j-core;2.11.2!log4j-core.jar (457ms)
2022.05.17 06:27:37 ERROR downloading https://repo1.maven.org/maven2/org/scala-sbt/testing_2.12/1.3.4/testing_2.12-1.3.4.jar ...
2022.05.17 06:27:37 ERROR 	[SUCCESSFUL ] org.scala-sbt#librarymanagement-ivy_2.12;1.3.0!librarymanagement-ivy_2.12.jar (318ms)
2022.05.17 06:27:37 ERROR downloading https://repo1.maven.org/maven2/org/scala-sbt/util-tracking_2.12/1.3.2/util-tracking_2.12-1.3.2.jar ...
2022.05.17 06:27:37 ERROR 	[SUCCESSFUL ] com.eed3si9n#shaded-scalajson_2.12;1.0.0-M4!shaded-scalajson_2.12.jar (125ms)
2022.05.17 06:27:37 ERROR 	[SUCCESSFUL ] org.spire-math#jawn-parser_2.12;0.10.4!jawn-parser_2.12.jar (120ms)
2022.05.17 06:27:37 ERROR downloading https://repo1.maven.org/maven2/org/scala-sbt/zinc-apiinfo_2.12/1.3.1/zinc-apiinfo_2.12-1.3.1.jar ...
2022.05.17 06:27:37 ERROR downloading https://repo1.maven.org/maven2/org/scala-sbt/zinc-classpath_2.12/1.3.1/zinc-classpath_2.12-1.3.1.jar ...
2022.05.17 06:27:37 ERROR 	[SUCCESSFUL ] org.scala-sbt#completion_2.12;1.3.4!completion_2.12.jar (130ms)
2022.05.17 06:27:37 ERROR downloading https://repo1.maven.org/maven2/org/scala-sbt/zinc_2.12/1.3.1/zinc_2.12-1.3.1.jar ...
2022.05.17 06:27:37 ERROR 	[SUCCESSFUL ] org.scala-sbt#testing_2.12;1.3.4!testing_2.12.jar (122ms)
2022.05.17 06:27:37 ERROR downloading https://repo1.maven.org/maven2/jline/jline/2.14.6/jline-2.14.6.jar ...
2022.05.17 06:27:37 ERROR 	[SUCCESSFUL ] org.scala-sbt#task-system_2.12;1.3.4!task-system_2.12.jar (144ms)
2022.05.17 06:27:37 ERROR downloading https://repo1.maven.org/maven2/org/scala-sbt/util-control_2.12/1.3.2/util-control_2.12-1.3.2.jar ...
2022.05.17 06:27:37 ERROR 	[SUCCESSFUL ] org.scala-sbt#util-tracking_2.12;1.3.2!util-tracking_2.12.jar (124ms)
2022.05.17 06:27:37 ERROR downloading https://repo1.maven.org/maven2/com/swoval/file-tree-views/2.1.3/file-tree-views-2.1.3.jar ...
2022.05.17 06:27:37 ERROR 	[SUCCESSFUL ] org.scala-sbt#zinc-classpath_2.12;1.3.1!zinc-classpath_2.12.jar (118ms)
2022.05.17 06:27:37 ERROR downloading https://repo1.maven.org/maven2/net/java/dev/jna/jna/4.5.0/jna-4.5.0.jar ...
2022.05.17 06:27:37 ERROR 	[SUCCESSFUL ] org.scala-sbt#zinc-apiinfo_2.12;1.3.1!zinc-apiinfo_2.12.jar (126ms)
2022.05.17 06:27:37 ERROR downloading https://repo1.maven.org/maven2/net/java/dev/jna/jna-platform/4.5.0/jna-platform-4.5.0.jar ...
2022.05.17 06:27:37 ERROR 	[SUCCESSFUL ] org.scala-sbt#zinc_2.12;1.3.1!zinc_2.12.jar (115ms)
2022.05.17 06:27:37 ERROR downloading https://repo1.maven.org/maven2/org/scala-sbt/util-interface/1.3.2/util-interface-1.3.2.jar ...
2022.05.17 06:27:37 ERROR 	[SUCCESSFUL ] org.scala-sbt#util-control_2.12;1.3.2!util-control_2.12.jar (123ms)
2022.05.17 06:27:37 ERROR downloading https://repo1.maven.org/maven2/com/eed3si9n/sjson-new-core_2.12/0.8.3/sjson-new-core_2.12-0.8.3.jar ...
2022.05.17 06:27:37 ERROR 	[SUCCESSFUL ] jline#jline;2.14.6!jline.jar (140ms)
2022.05.17 06:27:37 ERROR downloading https://repo1.maven.org/maven2/com/lmax/disruptor/3.4.2/disruptor-3.4.2.jar ...
2022.05.17 06:27:37 ERROR 	[SUCCESSFUL ] org.scala-sbt#tasks_2.12;1.3.4!tasks_2.12.jar (274ms)
2022.05.17 06:27:37 ERROR downloading https://repo1.maven.org/maven2/com/google/protobuf/protobuf-java/3.7.0/protobuf-java-3.7.0.jar ...
2022.05.17 06:27:37 ERROR 	[SUCCESSFUL ] com.swoval#file-tree-views;2.1.3!file-tree-views.jar (130ms)
2022.05.17 06:27:37 ERROR downloading https://repo1.maven.org/maven2/org/scala-sbt/util-cache_2.12/1.3.2/util-cache_2.12-1.3.2.jar ...
2022.05.17 06:27:37 ERROR 	[SUCCESSFUL ] io.get-coursier#lm-coursier-shaded_2.12;2.0.0-RC5-2!lm-coursier-shaded_2.12.jar (677ms)
2022.05.17 06:27:37 ERROR downloading https://repo1.maven.org/maven2/com/eed3si9n/sjson-new-murmurhash_2.12/0.8.3/sjson-new-murmurhash_2.12-0.8.3.jar ...
2022.05.17 06:27:37 ERROR 	[SUCCESSFUL ] org.scala-sbt#util-interface;1.3.2!util-interface.jar (117ms)
2022.05.17 06:27:37 ERROR downloading https://repo1.maven.org/maven2/org/scala-sbt/test-agent/1.3.4/test-agent-1.3.4.jar ...
2022.05.17 06:27:37 ERROR 	[SUCCESSFUL ] com.lmax#disruptor;3.4.2!disruptor.jar (129ms)
2022.05.17 06:27:37 ERROR downloading https://repo1.maven.org/maven2/org/scala-sbt/test-interface/1.0/test-interface-1.0.jar ...
2022.05.17 06:27:37 ERROR 	[SUCCESSFUL ] com.eed3si9n#sjson-new-murmurhash_2.12;0.8.3!sjson-new-murmurhash_2.12.jar (133ms)
2022.05.17 06:27:37 ERROR downloading https://repo1.maven.org/maven2/org/scala-sbt/compiler-bridge_2.12/1.3.1/compiler-bridge_2.12-1.3.1.jar ...
2022.05.17 06:27:37 ERROR 	[SUCCESSFUL ] org.scala-sbt#util-cache_2.12;1.3.2!util-cache_2.12.jar (139ms)
2022.05.17 06:27:37 ERROR downloading https://repo1.maven.org/maven2/org/scala-sbt/zinc-classfile_2.12/1.3.1/zinc-classfile_2.12-1.3.1.jar ...
2022.05.17 06:27:37 ERROR 	[SUCCESSFUL ] org.scala-sbt#test-agent;1.3.4!test-agent.jar (122ms)
2022.05.17 06:27:37 ERROR downloading https://repo1.maven.org/maven2/com/jcraft/jsch/0.1.54/jsch-0.1.54.jar ...
2022.05.17 06:27:37 ERROR 	[SUCCESSFUL ] com.eed3si9n#sjson-new-core_2.12;0.8.3!sjson-new-core_2.12.jar (216ms)
2022.05.17 06:27:37 ERROR downloading https://repo1.maven.org/maven2/com/eed3si9n/gigahorse-okhttp_2.12/0.5.0/gigahorse-okhttp_2.12-0.5.0.jar ...
2022.05.17 06:27:37 ERROR 	[SUCCESSFUL ] org.scala-sbt#test-interface;1.0!test-interface.jar (112ms)
2022.05.17 06:27:37 ERROR downloading https://repo1.maven.org/maven2/com/squareup/okhttp3/okhttp-urlconnection/3.7.0/okhttp-urlconnection-3.7.0.jar ...
2022.05.17 06:27:37 ERROR 	[SUCCESSFUL ] net.java.dev.jna#jna;4.5.0!jna.jar (323ms)
2022.05.17 06:27:37 ERROR downloading https://repo1.maven.org/maven2/com/eed3si9n/gigahorse-core_2.12/0.5.0/gigahorse-core_2.12-0.5.0.jar ...
2022.05.17 06:27:37 ERROR 	[SUCCESSFUL ] org.scala-sbt#zinc-classfile_2.12;1.3.1!zinc-classfile_2.12.jar (109ms)
2022.05.17 06:27:37 ERROR downloading https://repo1.maven.org/maven2/com/squareup/okhttp3/okhttp/3.14.2/okhttp-3.14.2.jar ...
2022.05.17 06:27:37 ERROR 	[SUCCESSFUL ] com.google.protobuf#protobuf-java;3.7.0!protobuf-java.jar(bundle) (276ms)
2022.05.17 06:27:37 ERROR downloading https://repo1.maven.org/maven2/com/typesafe/ssl-config-core_2.12/0.4.0/ssl-config-core_2.12-0.4.0.jar ...
2022.05.17 06:27:37 ERROR 	[SUCCESSFUL ] com.eed3si9n#gigahorse-okhttp_2.12;0.5.0!gigahorse-okhttp_2.12.jar (91ms)
2022.05.17 06:27:37 ERROR downloading https://repo1.maven.org/maven2/org/reactivestreams/reactive-streams/1.0.2/reactive-streams-1.0.2.jar ...
2022.05.17 06:27:37 ERROR 	[SUCCESSFUL ] com.squareup.okhttp3#okhttp-urlconnection;3.7.0!okhttp-urlconnection.jar (73ms)
2022.05.17 06:27:37 ERROR downloading https://repo1.maven.org/maven2/org/slf4j/slf4j-api/1.7.26/slf4j-api-1.7.26.jar ...
2022.05.17 06:27:37 ERROR 	[SUCCESSFUL ] org.scala-sbt#compiler-bridge_2.12;1.3.1!compiler-bridge_2.12.jar (154ms)
2022.05.17 06:27:37 ERROR downloading https://repo1.maven.org/maven2/org/scala-lang/modules/scala-parser-combinators_2.12/1.1.2/scala-parser-combinators_2.12-1.1.2.jar ...
2022.05.17 06:27:37 ERROR 	[SUCCESSFUL ] com.jcraft#jsch;0.1.54!jsch.jar (140ms)
2022.05.17 06:27:37 ERROR downloading https://repo1.maven.org/maven2/com/typesafe/config/1.3.3/config-1.3.3.jar ...
2022.05.17 06:27:37 ERROR 	[SUCCESSFUL ] com.eed3si9n#gigahorse-core_2.12;0.5.0!gigahorse-core_2.12.jar (102ms)
2022.05.17 06:27:37 ERROR downloading https://repo1.maven.org/maven2/com/squareup/okio/okio/1.17.2/okio-1.17.2.jar ...
2022.05.17 06:27:37 ERROR 	[SUCCESSFUL ] org.reactivestreams#reactive-streams;1.0.2!reactive-streams.jar (90ms)
2022.05.17 06:27:37 ERROR downloading https://repo1.maven.org/maven2/org/scala-sbt/zinc-core_2.12/1.3.1/zinc-core_2.12-1.3.1.jar ...
2022.05.17 06:27:37 ERROR 	[SUCCESSFUL ] com.typesafe#ssl-config-core_2.12;0.4.0!ssl-config-core_2.12.jar(bundle) (109ms)
2022.05.17 06:27:37 ERROR downloading https://repo1.maven.org/maven2/org/scala-sbt/zinc-persist_2.12/1.3.1/zinc-persist_2.12-1.3.1.jar ...
2022.05.17 06:27:37 ERROR 	[SUCCESSFUL ] org.slf4j#slf4j-api;1.7.26!slf4j-api.jar (119ms)
2022.05.17 06:27:37 ERROR downloading https://repo1.maven.org/maven2/org/scala-sbt/zinc-compile-core_2.12/1.3.1/zinc-compile-core_2.12-1.3.1.jar ...
2022.05.17 06:27:37 ERROR 	[SUCCESSFUL ] com.typesafe#config;1.3.3!config.jar(bundle) (114ms)
2022.05.17 06:27:37 ERROR 	[SUCCESSFUL ] org.scala-lang.modules#scala-parser-combinators_2.12;1.1.2!scala-parser-combinators_2.12.jar(bundle) (125ms)
2022.05.17 06:27:37 ERROR downloading https://repo1.maven.org/maven2/com/trueaccord/scalapb/scalapb-runtime_2.12/0.6.0/scalapb-runtime_2.12-0.6.0.jar ...
2022.05.17 06:27:37 ERROR downloading https://repo1.maven.org/maven2/com/trueaccord/lenses/lenses_2.12/0.4.12/lenses_2.12-0.4.12.jar ...
2022.05.17 06:27:37 ERROR 	[SUCCESSFUL ] net.java.dev.jna#jna-platform;4.5.0!jna-platform.jar (498ms)
2022.05.17 06:27:37 ERROR downloading https://repo1.maven.org/maven2/com/lihaoyi/fastparse_2.12/0.4.2/fastparse_2.12-0.4.2.jar ...
2022.05.17 06:27:37 ERROR 	[SUCCESSFUL ] com.squareup.okhttp3#okhttp;3.14.2!okhttp.jar (173ms)
2022.05.17 06:27:37 ERROR downloading https://repo1.maven.org/maven2/com/lihaoyi/fastparse-utils_2.12/0.4.2/fastparse-utils_2.12-0.4.2.jar ...
2022.05.17 06:27:37 ERROR 	[SUCCESSFUL ] com.squareup.okio#okio;1.17.2!okio.jar (99ms)
2022.05.17 06:27:37 ERROR downloading https://repo1.maven.org/maven2/com/lihaoyi/sourcecode_2.12/0.1.3/sourcecode_2.12-0.1.3.jar ...
2022.05.17 06:27:37 ERROR 	[SUCCESSFUL ] org.scala-sbt#zinc-core_2.12;1.3.1!zinc-core_2.12.jar (160ms)
2022.05.17 06:27:37 ERROR downloading https://repo1.maven.org/maven2/org/scala-sbt/sbinary_2.12/0.5.0/sbinary_2.12-0.5.0.jar ...
2022.05.17 06:27:37 ERROR 	[SUCCESSFUL ] com.trueaccord.lenses#lenses_2.12;0.4.12!lenses_2.12.jar (103ms)
2022.05.17 06:27:37 ERROR downloading https://repo1.maven.org/maven2/org/scala-sbt/core-macros_2.12/1.3.4/core-macros_2.12-1.3.4.jar ...
2022.05.17 06:27:37 ERROR 	[SUCCESSFUL ] com.lihaoyi#fastparse-utils_2.12;0.4.2!fastparse-utils_2.12.jar (117ms)
2022.05.17 06:27:37 ERROR downloading https://repo1.maven.org/maven2/org/scala-sbt/protocol_2.12/1.3.4/protocol_2.12-1.3.4.jar ...
2022.05.17 06:27:37 ERROR 	[SUCCESSFUL ] org.scala-sbt#zinc-compile-core_2.12;1.3.1!zinc-compile-core_2.12.jar (133ms)
2022.05.17 06:27:37 ERROR downloading https://repo1.maven.org/maven2/org/scala-sbt/template-resolver/0.1/template-resolver-0.1.jar ...
2022.05.17 06:27:37 ERROR 	[SUCCESSFUL ] com.lihaoyi#sourcecode_2.12;0.1.3!sourcecode_2.12.jar (120ms)
2022.05.17 06:27:37 ERROR downloading https://repo1.maven.org/maven2/org/scala-sbt/ipcsocket/ipcsocket/1.0.0/ipcsocket-1.0.0.jar ...
2022.05.17 06:27:37 ERROR 	[SUCCESSFUL ] com.lihaoyi#fastparse_2.12;0.4.2!fastparse_2.12.jar (140ms)
2022.05.17 06:27:37 ERROR downloading https://repo1.maven.org/maven2/org/scala-lang/scala-compiler/2.12.10/scala-compiler-2.12.10.jar ...
2022.05.17 06:27:38 ERROR 	[SUCCESSFUL ] org.scala-sbt#sbinary_2.12;0.5.0!sbinary_2.12.jar (104ms)
2022.05.17 06:27:38 ERROR downloading https://repo1.maven.org/maven2/org/scala-lang/scala-reflect/2.12.10/scala-reflect-2.12.10.jar ...
2022.05.17 06:27:38 ERROR 	[SUCCESSFUL ] org.scala-sbt#core-macros_2.12;1.3.4!core-macros_2.12.jar (102ms)
2022.05.17 06:27:38 ERROR downloading https://repo1.maven.org/maven2/org/scala-sbt/util-scripted_2.12/1.3.2/util-scripted_2.12-1.3.2.jar ...
2022.05.17 06:27:38 ERROR 	[SUCCESSFUL ] org.scala-sbt#template-resolver;0.1!template-resolver.jar (87ms)
2022.05.17 06:27:38 ERROR downloading https://repo1.maven.org/maven2/com/github/cb372/scalacache-core_2.12/0.20.0/scalacache-core_2.12-0.20.0.jar ...
2022.05.17 06:27:38 ERROR 	[SUCCESSFUL ] org.scala-sbt#zinc-persist_2.12;1.3.1!zinc-persist_2.12.jar (269ms)
2022.05.17 06:27:38 ERROR downloading https://repo1.maven.org/maven2/com/github/ben-manes/caffeine/caffeine/2.5.6/caffeine-2.5.6.jar ...
2022.05.17 06:27:38 ERROR 	[SUCCESSFUL ] org.scala-sbt.ipcsocket#ipcsocket;1.0.0!ipcsocket.jar (104ms)
2022.05.17 06:27:38 ERROR downloading https://repo1.maven.org/maven2/org/scala-sbt/ivy/ivy/2.3.0-sbt-cb9cc189e9f3af519f9f102e6c5d446488ff6832/ivy-2.3.0-sbt-cb9cc189e9f3af519f9f102e6c5d446488ff6832.jar ...
2022.05.17 06:27:38 ERROR 	[SUCCESSFUL ] org.scala-sbt#protocol_2.12;1.3.4!protocol_2.12.jar (142ms)
2022.05.17 06:27:38 ERROR 	[SUCCESSFUL ] com.github.cb372#scalacache-core_2.12;0.20.0!scalacache-core_2.12.jar (126ms)
2022.05.17 06:27:38 ERROR 	[SUCCESSFUL ] org.scala-sbt#util-scripted_2.12;1.3.2!util-scripted_2.12.jar (130ms)
2022.05.17 06:27:38 ERROR 	[SUCCESSFUL ] com.trueaccord.scalapb#scalapb-runtime_2.12;0.6.0!scalapb-runtime_2.12.jar (411ms)
2022.05.17 06:27:38 ERROR 	[SUCCESSFUL ] com.github.ben-manes.caffeine#caffeine;2.5.6!caffeine.jar (301ms)
2022.05.17 06:27:38 ERROR 	[SUCCESSFUL ] org.scala-sbt.ivy#ivy;2.3.0-sbt-cb9cc189e9f3af519f9f102e6c5d446488ff6832!ivy.jar (277ms)
2022.05.17 06:27:38 ERROR 	[SUCCESSFUL ] org.scala-lang#scala-reflect;2.12.10!scala-reflect.jar (448ms)
2022.05.17 06:27:38 ERROR 	[SUCCESSFUL ] org.scala-lang#scala-compiler;2.12.10!scala-compiler.jar (907ms)
2022.05.17 06:27:38 ERROR :: retrieving :: org.scala-sbt#boot-app
2022.05.17 06:27:38 ERROR 	confs: [default]
2022.05.17 06:27:38 ERROR 	81 artifacts copied, 0 already retrieved
2022.05.17 06:27:38 ERROR [info] [launcher] getting Scala 2.12.10 (for sbt)...
2022.05.17 06:27:43 ERROR downloading https://repo1.maven.org/maven2/org/scala-lang/modules/scala-xml_2.12/1.0.6/scala-xml_2.12-1.0.6.jar ...
2022.05.17 06:27:43 ERROR downloading https://repo1.maven.org/maven2/org/fusesource/jansi/jansi/1.12/jansi-1.12.jar ...
2022.05.17 06:27:43 ERROR 	[SUCCESSFUL ] org.scala-lang.modules#scala-xml_2.12;1.0.6!scala-xml_2.12.jar(bundle) (139ms)
2022.05.17 06:27:43 ERROR 	[SUCCESSFUL ] org.fusesource.jansi#jansi;1.12!jansi.jar (172ms)
2022.05.17 06:27:43 ERROR :: retrieving :: org.scala-sbt#boot-scala
2022.05.17 06:27:43 ERROR 	confs: [default]
2022.05.17 06:27:43 ERROR 	6 artifacts copied, 0 already retrieved
2022.05.17 06:27:50 INFO  [info] Loading settings for project scala-at-light-speed-build-build from metals.sbt ...
2022.05.17 06:27:51 INFO  [info] Loading project definition from /run/media/qq/qq2/Dev/scala/scala-at-light-speed/project/project
2022.05.17 06:28:02 INFO  [info] Loading settings for project scala-at-light-speed-build from metals.sbt ...
2022.05.17 06:28:02 INFO  [info] Loading project definition from /run/media/qq/qq2/Dev/scala/scala-at-light-speed/project
2022.05.17 06:28:06 INFO  [success] Generated .bloop/scala-at-light-speed-build.json
2022.05.17 06:28:06 INFO  [success] Total time: 4 s, completed May 17, 2022, 6:28:06 a.m.
2022.05.17 06:28:08 INFO  [info] Loading settings for project scala-at-light-speed from build.sbt ...
2022.05.17 06:28:08 INFO  [info] Set current project to scala-at-light-speed (in build file:/run/media/qq/qq2/Dev/scala/scala-at-light-speed/)
2022.05.17 06:28:10 INFO  [success] Generated .bloop/scala-at-light-speed.json
2022.05.17 06:28:10 INFO  [success] Generated .bloop/scala-at-light-speed-test.json
2022.05.17 06:28:10 INFO  [success] Total time: 2 s, completed May 17, 2022, 6:28:10 a.m.
2022.05.17 06:28:11 INFO  time: ran 'sbt bloopInstall' in 1m11s
2022.05.17 06:28:11 INFO  Attempting to connect to the build server...
2022.05.17 06:28:20 INFO  tracing is disabled for protocol BSP, to enable tracing of incoming and outgoing JSON messages create an empty file at /run/media/qq/qq2/Dev/scala/scala-at-light-speed/.metals/bsp.trace.json or /home/qq/.cache/metals/bsp.trace.json
2022.05.17 06:28:25 INFO  Attempting to connect to the build server...
2022.05.17 06:28:25 INFO  tracing is disabled for protocol BSP, to enable tracing of incoming and outgoing JSON messages create an empty file at /run/media/qq/qq2/Dev/scala/scala-at-light-speed/project/.metals/bsp.trace.json or /home/qq/.cache/metals/bsp.trace.json
2022.05.17 06:28:27 INFO  time: Connected to build server in 15s
2022.05.17 06:28:27 INFO  Connected to Build server: Bloop v1.5.0
2022.05.17 06:28:27 INFO  time: Imported build in 0.24s
2022.05.17 06:28:34 WARN  Could not find java sources in /usr/lib/jvm/src.zip, /usr/lib/jvm/lib/src.zip, /usr/lib/jvm/java-11-openjdk/src.zip, /usr/lib/jvm/java-11-openjdk/lib/src.zip. Java symbols will not be available.
2022.05.17 06:28:38 WARN  Could not find java sources in /usr/lib/jvm/src.zip, /usr/lib/jvm/lib/src.zip, /usr/lib/jvm/java-11-openjdk/src.zip, /usr/lib/jvm/java-11-openjdk/lib/src.zip. Java symbols will not be available.
2022.05.17 06:28:38 INFO  time: indexed workspace in 11s
2022.05.17 06:28:40 INFO  compiling scala-at-light-speed (1 scala source)
2022.05.17 06:29:05 INFO  time: compiled scala-at-light-speed in 25s
2022.05.17 06:30:33 INFO  shutting down Metals
2022.05.17 06:30:33 INFO  Shut down connection with build server.
2022.05.17 06:30:33 INFO  Shut down connection with build server.
